[2024-04-04 00:48:11] INFO: CheckM v1.2.2
[2024-04-04 00:48:11] INFO: checkm marker_plot checkm_output mags checkm_marker_plots
[2024-04-04 00:48:11] INFO: CheckM data: /Users/zehrakorkusuz/Desktop/Computational_Genomics/Project/checkm_output
[2024-04-04 00:48:11] INFO: [CheckM - marker_plot] Creating marker gene position plot.
[2024-04-04 00:48:11] INFO: Plotting marker gene position plot for M1004846097 (1 of 30)
[2024-04-04 00:48:11] INFO: Markers reside on 35 of 214 sequences which span 0.20 of 1.20 (16.7%) Mb
[2024-04-04 00:48:14] INFO: Plot written to: checkm_marker_plots/M1004846097.marker_pos_plot.png
[2024-04-04 00:48:14] INFO: Plotting marker gene position plot for M1008403048 (2 of 30)
[2024-04-04 00:48:14] INFO: Markers reside on 13 of 19 sequences which span 1.52 of 1.63 (93.2%) Mb
[2024-04-04 00:48:15] INFO: Plot written to: checkm_marker_plots/M1008403048.marker_pos_plot.png
[2024-04-04 00:48:15] INFO: Plotting marker gene position plot for M1094258468 (3 of 30)
[2024-04-04 00:48:15] INFO: Markers reside on 15 of 17 sequences which span 1.74 of 1.78 (97.8%) Mb
[2024-04-04 00:48:16] INFO: Plot written to: checkm_marker_plots/M1094258468.marker_pos_plot.png
[2024-04-04 00:48:16] INFO: Plotting marker gene position plot for M1110726505 (4 of 30)
[2024-04-04 00:48:16] INFO: Markers reside on 11 of 18 sequences which span 1.48 of 1.70 (87.1%) Mb
[2024-04-04 00:48:17] INFO: Plot written to: checkm_marker_plots/M1110726505.marker_pos_plot.png
[2024-04-04 00:48:17] INFO: Plotting marker gene position plot for M1211523609 (5 of 30)
[2024-04-04 00:48:17] INFO: Markers reside on 27 of 98 sequences which span 0.74 of 1.49 (49.2%) Mb
[2024-04-04 00:48:20] INFO: Plot written to: checkm_marker_plots/M1211523609.marker_pos_plot.png
[2024-04-04 00:48:20] INFO: Plotting marker gene position plot for M1283945741 (6 of 30)
[2024-04-04 00:48:20] INFO: Markers reside on 20 of 34 sequences which span 1.42 of 1.76 (80.7%) Mb
[2024-04-04 00:48:21] INFO: Plot written to: checkm_marker_plots/M1283945741.marker_pos_plot.png
[2024-04-04 00:48:21] INFO: Plotting marker gene position plot for M1285881131 (7 of 30)
[2024-04-04 00:48:21] INFO: Markers reside on 15 of 29 sequences which span 1.31 of 1.62 (81.0%) Mb
[2024-04-04 00:48:22] INFO: Plot written to: checkm_marker_plots/M1285881131.marker_pos_plot.png
[2024-04-04 00:48:22] INFO: Plotting marker gene position plot for M1341908534 (8 of 30)
[2024-04-04 00:48:22] INFO: Markers reside on 27 of 90 sequences which span 0.66 of 1.36 (48.8%) Mb
[2024-04-04 00:48:24] INFO: Plot written to: checkm_marker_plots/M1341908534.marker_pos_plot.png
[2024-04-04 00:48:24] INFO: Plotting marker gene position plot for M1406068114 (9 of 30)
[2024-04-04 00:48:24] INFO: Markers reside on 24 of 142 sequences which span 0.50 of 1.32 (37.8%) Mb
[2024-04-04 00:48:26] INFO: Plot written to: checkm_marker_plots/M1406068114.marker_pos_plot.png
[2024-04-04 00:48:26] INFO: Plotting marker gene position plot for M1473762895 (10 of 30)
[2024-04-04 00:48:26] INFO: Markers reside on 38 of 258 sequences which span 0.20 of 1.06 (18.9%) Mb
[2024-04-04 00:48:28] INFO: Plot written to: checkm_marker_plots/M1473762895.marker_pos_plot.png
[2024-04-04 00:48:28] INFO: Plotting marker gene position plot for M1506432639 (11 of 30)
[2024-04-04 00:48:28] INFO: Markers reside on 14 of 23 sequences which span 1.39 of 1.69 (82.5%) Mb
[2024-04-04 00:48:29] INFO: Plot written to: checkm_marker_plots/M1506432639.marker_pos_plot.png
[2024-04-04 00:48:29] INFO: Plotting marker gene position plot for M1509316652 (12 of 30)
[2024-04-04 00:48:29] INFO: Markers reside on 42 of 300 sequences which span 0.21 of 1.13 (18.2%) Mb
[2024-04-04 00:48:32] INFO: Plot written to: checkm_marker_plots/M1509316652.marker_pos_plot.png
[2024-04-04 00:48:32] INFO: Plotting marker gene position plot for M1524943176 (13 of 30)
[2024-04-04 00:48:32] INFO: Markers reside on 26 of 56 sequences which span 0.88 of 1.49 (58.8%) Mb
[2024-04-04 00:48:34] INFO: Plot written to: checkm_marker_plots/M1524943176.marker_pos_plot.png
[2024-04-04 00:48:34] INFO: Plotting marker gene position plot for M1543411560 (14 of 30)
[2024-04-04 00:48:34] INFO: Markers reside on 29 of 249 sequences which span 0.18 of 1.12 (16.2%) Mb
[2024-04-04 00:48:36] INFO: Plot written to: checkm_marker_plots/M1543411560.marker_pos_plot.png
[2024-04-04 00:48:36] INFO: Plotting marker gene position plot for M1544160211 (15 of 30)
[2024-04-04 00:48:36] INFO: Markers reside on 9 of 12 sequences which span 1.68 of 1.78 (94.0%) Mb
[2024-04-04 00:48:37] INFO: Plot written to: checkm_marker_plots/M1544160211.marker_pos_plot.png
[2024-04-04 00:48:37] INFO: Plotting marker gene position plot for M1581235167 (16 of 30)
[2024-04-04 00:48:37] INFO: Markers reside on 13 of 22 sequences which span 1.45 of 1.61 (89.6%) Mb
[2024-04-04 00:48:38] INFO: Plot written to: checkm_marker_plots/M1581235167.marker_pos_plot.png
[2024-04-04 00:48:38] INFO: Plotting marker gene position plot for M1592280509 (17 of 30)
[2024-04-04 00:48:38] INFO: Markers reside on 20 of 59 sequences which span 0.78 of 1.34 (58.2%) Mb
[2024-04-04 00:48:39] INFO: Plot written to: checkm_marker_plots/M1592280509.marker_pos_plot.png
[2024-04-04 00:48:39] INFO: Plotting marker gene position plot for M1622504425 (18 of 30)
[2024-04-04 00:48:39] INFO: Markers reside on 21 of 25 sequences which span 1.42 of 1.65 (86.3%) Mb
[2024-04-04 00:48:41] INFO: Plot written to: checkm_marker_plots/M1622504425.marker_pos_plot.png
[2024-04-04 00:48:41] INFO: Plotting marker gene position plot for M1627315444 (19 of 30)
[2024-04-04 00:48:41] INFO: Markers reside on 16 of 30 sequences which span 1.37 of 1.61 (85.0%) Mb
[2024-04-04 00:48:42] INFO: Plot written to: checkm_marker_plots/M1627315444.marker_pos_plot.png
[2024-04-04 00:48:42] INFO: Plotting marker gene position plot for M1649332925 (20 of 30)
[2024-04-04 00:48:42] INFO: Markers reside on 34 of 301 sequences which span 0.17 of 1.18 (14.3%) Mb
[2024-04-04 00:48:45] INFO: Plot written to: checkm_marker_plots/M1649332925.marker_pos_plot.png
[2024-04-04 00:48:45] INFO: Plotting marker gene position plot for M1690656827 (21 of 30)
[2024-04-04 00:48:45] INFO: Markers reside on 12 of 13 sequences which span 1.57 of 1.63 (96.3%) Mb
[2024-04-04 00:48:46] INFO: Plot written to: checkm_marker_plots/M1690656827.marker_pos_plot.png
[2024-04-04 00:48:46] INFO: Plotting marker gene position plot for M1717522652 (22 of 30)
[2024-04-04 00:48:46] INFO: Markers reside on 15 of 17 sequences which span 1.62 of 1.66 (97.7%) Mb
[2024-04-04 00:48:48] INFO: Plot written to: checkm_marker_plots/M1717522652.marker_pos_plot.png
[2024-04-04 00:48:48] INFO: Plotting marker gene position plot for M1746978659 (23 of 30)
[2024-04-04 00:48:48] INFO: Markers reside on 34 of 260 sequences which span 0.19 of 1.05 (18.3%) Mb
[2024-04-04 00:48:51] INFO: Plot written to: checkm_marker_plots/M1746978659.marker_pos_plot.png
[2024-04-04 00:48:51] INFO: Plotting marker gene position plot for M1791475261 (24 of 30)
[2024-04-04 00:48:51] INFO: Markers reside on 13 of 24 sequences which span 1.41 of 1.62 (87.3%) Mb
[2024-04-04 00:48:52] INFO: Plot written to: checkm_marker_plots/M1791475261.marker_pos_plot.png
[2024-04-04 00:48:52] INFO: Plotting marker gene position plot for M1834824406 (25 of 30)
[2024-04-04 00:48:52] INFO: Markers reside on 17 of 44 sequences which span 1.21 of 1.62 (75.0%) Mb
[2024-04-04 00:48:54] INFO: Plot written to: checkm_marker_plots/M1834824406.marker_pos_plot.png
[2024-04-04 00:48:54] INFO: Plotting marker gene position plot for M1837430813 (26 of 30)
[2024-04-04 00:48:54] INFO: Markers reside on 39 of 315 sequences which span 0.14 of 0.91 (15.4%) Mb
[2024-04-04 00:48:56] INFO: Plot written to: checkm_marker_plots/M1837430813.marker_pos_plot.png
[2024-04-04 00:48:56] INFO: Plotting marker gene position plot for M1874058212 (27 of 30)
[2024-04-04 00:48:56] INFO: Markers reside on 39 of 211 sequences which span 0.37 of 1.48 (25.2%) Mb
[2024-04-04 00:48:58] INFO: Plot written to: checkm_marker_plots/M1874058212.marker_pos_plot.png
[2024-04-04 00:48:58] INFO: Plotting marker gene position plot for M1875601697 (28 of 30)
[2024-04-04 00:48:58] INFO: Markers reside on 34 of 276 sequences which span 0.11 of 0.90 (12.2%) Mb
[2024-04-04 00:49:00] INFO: Plot written to: checkm_marker_plots/M1875601697.marker_pos_plot.png
[2024-04-04 00:49:00] INFO: Plotting marker gene position plot for M1902694554 (29 of 30)
[2024-04-04 00:49:00] INFO: Markers reside on 8 of 10 sequences which span 1.57 of 1.67 (94.1%) Mb
[2024-04-04 00:49:01] INFO: Plot written to: checkm_marker_plots/M1902694554.marker_pos_plot.png
[2024-04-04 00:49:01] INFO: Plotting marker gene position plot for M1989389750 (30 of 30)
[2024-04-04 00:49:01] INFO: Markers reside on 39 of 145 sequences which span 0.62 of 1.74 (35.8%) Mb
[2024-04-04 00:49:03] INFO: Plot written to: checkm_marker_plots/M1989389750.marker_pos_plot.png
[2024-04-04 00:49:03] INFO: { Current stage: 0:00:51.632 || Total: 0:00:51.632 }
